{"C:\\Users\\cibel\\Desktop\\REPROGRAMA\\12\\on25-IJS-projeto-cibele-yamamoto\\src\\Hack\\Hack.js": {"path":"C:\\Users\\cibel\\Desktop\\REPROGRAMA\\12\\on25-IJS-projeto-cibele-yamamoto\\src\\Hack\\Hack.js","statementMap":{"0":{"start":{"line":3,"column":25},"end":{"line":3,"column":27}},"1":{"start":{"line":9,"column":8},"end":{"line":9,"column":27}},"2":{"start":{"line":10,"column":8},"end":{"line":10,"column":39}},"3":{"start":{"line":13,"column":8},"end":{"line":13,"column":28}},"4":{"start":{"line":17,"column":8},"end":{"line":17,"column":36}}},"fnMap":{"0":{"name":"(anonymous_0)","decl":{"start":{"line":8,"column":4},"end":{"line":8,"column":5}},"loc":{"start":{"line":8,"column":36},"end":{"line":14,"column":5}},"line":8}},"branchMap":{},"s":{"0":2,"1":3,"2":3,"3":3,"4":3},"f":{"0":3},"b":{},"_coverageSchema":"1a1c01bbd47fc00a2c39e90264f33305004495a9","hash":"d04d872f650122008defdf9b9568db8fcb19848e"}
,"C:\\Users\\cibel\\Desktop\\REPROGRAMA\\12\\on25-IJS-projeto-cibele-yamamoto\\src\\Metric\\Metric.js": {"path":"C:\\Users\\cibel\\Desktop\\REPROGRAMA\\12\\on25-IJS-projeto-cibele-yamamoto\\src\\Metric\\Metric.js","statementMap":{"0":{"start":{"line":3,"column":27},"end":{"line":3,"column":29}},"1":{"start":{"line":9,"column":8},"end":{"line":9,"column":27}},"2":{"start":{"line":10,"column":8},"end":{"line":10,"column":39}},"3":{"start":{"line":11,"column":8},"end":{"line":11,"column":41}},"4":{"start":{"line":14,"column":8},"end":{"line":14,"column":30}},"5":{"start":{"line":18,"column":8},"end":{"line":18,"column":42}}},"fnMap":{"0":{"name":"(anonymous_0)","decl":{"start":{"line":8,"column":4},"end":{"line":8,"column":5}},"loc":{"start":{"line":8,"column":50},"end":{"line":15,"column":5}},"line":8}},"branchMap":{},"s":{"0":2,"1":3,"2":3,"3":3,"4":3,"5":3},"f":{"0":3},"b":{},"_coverageSchema":"1a1c01bbd47fc00a2c39e90264f33305004495a9","hash":"e814c44f3f3721d0583333252e1b9f5ba95189de"}
,"C:\\Users\\cibel\\Desktop\\REPROGRAMA\\12\\on25-IJS-projeto-cibele-yamamoto\\src\\Record\\Record.js": {"path":"C:\\Users\\cibel\\Desktop\\REPROGRAMA\\12\\on25-IJS-projeto-cibele-yamamoto\\src\\Record\\Record.js","statementMap":{"0":{"start":{"line":8,"column":8},"end":{"line":8,"column":34}},"1":{"start":{"line":9,"column":8},"end":{"line":9,"column":43}},"2":{"start":{"line":10,"column":8},"end":{"line":10,"column":45}}},"fnMap":{"0":{"name":"(anonymous_0)","decl":{"start":{"line":7,"column":4},"end":{"line":7,"column":5}},"loc":{"start":{"line":7,"column":47},"end":{"line":11,"column":5}},"line":7}},"branchMap":{},"s":{"0":2,"1":2,"2":2},"f":{"0":2},"b":{},"_coverageSchema":"1a1c01bbd47fc00a2c39e90264f33305004495a9","hash":"361a333881717c8b8505458939d7a4839e2d0e60"}
,"C:\\Users\\cibel\\Desktop\\REPROGRAMA\\12\\on25-IJS-projeto-cibele-yamamoto\\src\\Research\\Research.js": {"path":"C:\\Users\\cibel\\Desktop\\REPROGRAMA\\12\\on25-IJS-projeto-cibele-yamamoto\\src\\Research\\Research.js","statementMap":{"0":{"start":{"line":3,"column":28},"end":{"line":3,"column":30}},"1":{"start":{"line":11,"column":8},"end":{"line":11,"column":25}},"2":{"start":{"line":12,"column":8},"end":{"line":12,"column":39}},"3":{"start":{"line":13,"column":8},"end":{"line":13,"column":27}},"4":{"start":{"line":14,"column":8},"end":{"line":14,"column":31}},"5":{"start":{"line":15,"column":8},"end":{"line":15,"column":26}},"6":{"start":{"line":18,"column":8},"end":{"line":18,"column":32}},"7":{"start":{"line":22,"column":8},"end":{"line":22,"column":47}},"8":{"start":{"line":26,"column":8},"end":{"line":26,"column":34}}},"fnMap":{"0":{"name":"(anonymous_0)","decl":{"start":{"line":10,"column":4},"end":{"line":10,"column":5}},"loc":{"start":{"line":10,"column":51},"end":{"line":19,"column":5}},"line":10},"1":{"name":"(anonymous_1)","decl":{"start":{"line":25,"column":4},"end":{"line":25,"column":5}},"loc":{"start":{"line":25,"column":22},"end":{"line":27,"column":5}},"line":25}},"branchMap":{},"s":{"0":1,"1":1,"2":1,"3":1,"4":1,"5":1,"6":1,"7":1,"8":1},"f":{"0":1,"1":1},"b":{},"_coverageSchema":"1a1c01bbd47fc00a2c39e90264f33305004495a9","hash":"eebdcfb65e3eb35dcafe2933b63d237cc517aa0f"}
}
